D:\PROGRAMMING\TAVANASERVICE\TAVANASERVER\X64\RELEASE\TINYXMLPARSER.OBJ
D:\PROGRAMMING\TAVANASERVICE\TAVANASERVER\X64\RELEASE\TINYXMLERROR.OBJ
D:\PROGRAMMING\TAVANASERVICE\TAVANASERVER\X64\RELEASE\TINYXML.OBJ
D:\PROGRAMMING\TAVANASERVICE\TAVANASERVER\X64\RELEASE\TINYSTR.OBJ
D:\PROGRAMMING\TAVANASERVICE\TAVANASERVER\X64\RELEASE\SERVERAPPLICATION.OBJ
D:\PROGRAMMING\TAVANASERVICE\TAVANASERVER\X64\RELEASE\MYSERVER.OBJ
D:\PROGRAMMING\TAVANASERVICE\TAVANASERVER\X64\RELEASE\LOCALINTERFACE.OBJ
D:\PROGRAMMING\TAVANASERVICE\TAVANASERVER\X64\RELEASE\DATABASEMANAGER.OBJ
D:\PROGRAMMING\TAVANASERVICE\TAVANASERVER\X64\RELEASE\VC110.PDB
D:\PROGRAMMING\TAVANASERVICE\X64\RELEASE\TAVANASERVER.ILK
D:\PROGRAMMING\TAVANASERVICE\X64\RELEASE\TAVANASERVER.EXE
D:\PROGRAMMING\TAVANASERVICE\X64\RELEASE\TAVANASERVER.PDB
D:\programming\TavanaService\TavanaServer\x64\Release\DatabaseManager.obj
D:\programming\TavanaService\TavanaServer\x64\Release\LocalInterface.obj
D:\programming\TavanaService\TavanaServer\x64\Release\MyServer.obj
D:\programming\TavanaService\TavanaServer\x64\Release\ServerApplication.obj
D:\programming\TavanaService\TavanaServer\x64\Release\tinystr.obj
D:\programming\TavanaService\TavanaServer\x64\Release\tinyxml.obj
D:\programming\TavanaService\TavanaServer\x64\Release\tinyxmlerror.obj
D:\programming\TavanaService\TavanaServer\x64\Release\tinyxmlparser.obj
D:\programming\TavanaService\TavanaServer\x64\Release\cl.command.1.tlog
D:\programming\TavanaService\TavanaServer\x64\Release\CL.read.1.tlog
D:\programming\TavanaService\TavanaServer\x64\Release\CL.write.1.tlog
D:\programming\TavanaService\TavanaServer\x64\Release\link-cvtres.read.1.tlog
D:\programming\TavanaService\TavanaServer\x64\Release\link-cvtres.write.1.tlog
D:\programming\TavanaService\TavanaServer\x64\Release\link-rc.read.1.tlog
D:\programming\TavanaService\TavanaServer\x64\Release\link-rc.write.1.tlog
D:\programming\TavanaService\TavanaServer\x64\Release\link.10536-cvtres.read.1.tlog
D:\programming\TavanaService\TavanaServer\x64\Release\link.10536-cvtres.write.1.tlog
D:\programming\TavanaService\TavanaServer\x64\Release\link.10536-rc.read.1.tlog
D:\programming\TavanaService\TavanaServer\x64\Release\link.10536-rc.write.1.tlog
D:\programming\TavanaService\TavanaServer\x64\Release\link.10536.read.1.tlog
D:\programming\TavanaService\TavanaServer\x64\Release\link.10536.write.1.tlog
D:\programming\TavanaService\TavanaServer\x64\Release\link.14704-cvtres.read.1.tlog
D:\programming\TavanaService\TavanaServer\x64\Release\link.14704-cvtres.write.1.tlog
D:\programming\TavanaService\TavanaServer\x64\Release\link.14704-rc.read.1.tlog
D:\programming\TavanaService\TavanaServer\x64\Release\link.14704-rc.write.1.tlog
D:\programming\TavanaService\TavanaServer\x64\Release\link.14704.read.1.tlog
D:\programming\TavanaService\TavanaServer\x64\Release\link.14704.write.1.tlog
D:\programming\TavanaService\TavanaServer\x64\Release\link.command.1.tlog
D:\programming\TavanaService\TavanaServer\x64\Release\link.read.1.tlog
D:\programming\TavanaService\TavanaServer\x64\Release\link.write.1.tlog
D:\programming\TavanaService\TavanaServer\x64\Release\vc110.pdb
D:\programming\TavanaService\TavanaServer\x64\Release\vc140.pdb
D:\programming\TavanaService\x64\Release\TavanaServer.pdb
